Error: listen EACCES: permission denied 0.0.0.0:80
    at Server.setupListenHandle [as _listen2] (net.js:1303:21)
    at listenInCluster (net.js:1368:12)
    at Server.listen (net.js:1454:7)
    at Function.listen (/workspaces/redi/node_modules/express/lib/application.js:618:24)
    at Object.<anonymous> (/workspaces/redi/src/app.js:6:6)
    at Module._compile (internal/modules/cjs/loader.js:1072:14)
    at Object.Module._extensions..js (internal/modules/cjs/loader.js:1101:10)
    at Module.load (internal/modules/cjs/loader.js:937:32)
    at Function.Module._load (internal/modules/cjs/loader.js:778:12)
    at Object.<anonymous> (/workspaces/redi/node_modules/pm2/lib/ProcessContainerFork.js:33:23) {
  code: 'EACCES',
  errno: -13,
  syscall: 'listen',
  address: '0.0.0.0',
  port: 80
}
Error: listen EACCES: permission denied 0.0.0.0:80
    at Server.setupListenHandle [as _listen2] (net.js:1303:21)
    at listenInCluster (net.js:1368:12)
    at Server.listen (net.js:1454:7)
    at Function.listen (/workspaces/redi/node_modules/express/lib/application.js:618:24)
    at Object.<anonymous> (/workspaces/redi/src/app.js:6:6)
    at Module._compile (internal/modules/cjs/loader.js:1072:14)
    at Object.Module._extensions..js (internal/modules/cjs/loader.js:1101:10)
    at Module.load (internal/modules/cjs/loader.js:937:32)
    at Function.Module._load (internal/modules/cjs/loader.js:778:12)
    at Object.<anonymous> (/workspaces/redi/node_modules/pm2/lib/ProcessContainerFork.js:33:23) {
  code: 'EACCES',
  errno: -13,
  syscall: 'listen',
  address: '0.0.0.0',
  port: 80
}
Error: listen EACCES: permission denied 0.0.0.0:80
    at Server.setupListenHandle [as _listen2] (net.js:1303:21)
    at listenInCluster (net.js:1368:12)
    at Server.listen (net.js:1454:7)
    at Function.listen (/workspaces/redi/node_modules/express/lib/application.js:618:24)
    at Object.<anonymous> (/workspaces/redi/src/app.js:6:6)
    at Module._compile (internal/modules/cjs/loader.js:1072:14)
    at Object.Module._extensions..js (internal/modules/cjs/loader.js:1101:10)
    at Module.load (internal/modules/cjs/loader.js:937:32)
    at Function.Module._load (internal/modules/cjs/loader.js:778:12)
    at Object.<anonymous> (/workspaces/redi/node_modules/pm2/lib/ProcessContainerFork.js:33:23) {
  code: 'EACCES',
  errno: -13,
  syscall: 'listen',
  address: '0.0.0.0',
  port: 80
}
Error: listen EACCES: permission denied 0.0.0.0:80
    at Server.setupListenHandle [as _listen2] (net.js:1303:21)
    at listenInCluster (net.js:1368:12)
    at Server.listen (net.js:1454:7)
    at Function.listen (/workspaces/redi/node_modules/express/lib/application.js:618:24)
    at Object.<anonymous> (/workspaces/redi/src/app.js:6:6)
    at Module._compile (internal/modules/cjs/loader.js:1072:14)
    at Object.Module._extensions..js (internal/modules/cjs/loader.js:1101:10)
    at Module.load (internal/modules/cjs/loader.js:937:32)
    at Function.Module._load (internal/modules/cjs/loader.js:778:12)
    at Object.<anonymous> (/workspaces/redi/node_modules/pm2/lib/ProcessContainerFork.js:33:23) {
  code: 'EACCES',
  errno: -13,
  syscall: 'listen',
  address: '0.0.0.0',
  port: 80
}
Error: listen EACCES: permission denied 0.0.0.0:80
    at Server.setupListenHandle [as _listen2] (net.js:1303:21)
    at listenInCluster (net.js:1368:12)
    at Server.listen (net.js:1454:7)
    at Function.listen (/workspaces/redi/node_modules/express/lib/application.js:618:24)
    at Object.<anonymous> (/workspaces/redi/src/app.js:6:6)
    at Module._compile (internal/modules/cjs/loader.js:1072:14)
    at Object.Module._extensions..js (internal/modules/cjs/loader.js:1101:10)
    at Module.load (internal/modules/cjs/loader.js:937:32)
    at Function.Module._load (internal/modules/cjs/loader.js:778:12)
    at Object.<anonymous> (/workspaces/redi/node_modules/pm2/lib/ProcessContainerFork.js:33:23) {
  code: 'EACCES',
  errno: -13,
  syscall: 'listen',
  address: '0.0.0.0',
  port: 80
}
Error: listen EACCES: permission denied 0.0.0.0:80
    at Server.setupListenHandle [as _listen2] (net.js:1303:21)
    at listenInCluster (net.js:1368:12)
    at Server.listen (net.js:1454:7)
    at Function.listen (/workspaces/redi/node_modules/express/lib/application.js:618:24)
    at Object.<anonymous> (/workspaces/redi/src/app.js:6:6)
    at Module._compile (internal/modules/cjs/loader.js:1072:14)
    at Object.Module._extensions..js (internal/modules/cjs/loader.js:1101:10)
    at Module.load (internal/modules/cjs/loader.js:937:32)
    at Function.Module._load (internal/modules/cjs/loader.js:778:12)
    at Object.<anonymous> (/workspaces/redi/node_modules/pm2/lib/ProcessContainerFork.js:33:23) {
  code: 'EACCES',
  errno: -13,
  syscall: 'listen',
  address: '0.0.0.0',
  port: 80
}
Error: listen EACCES: permission denied 0.0.0.0:80
    at Server.setupListenHandle [as _listen2] (net.js:1303:21)
    at listenInCluster (net.js:1368:12)
    at Server.listen (net.js:1454:7)
    at Function.listen (/workspaces/redi/node_modules/express/lib/application.js:618:24)
    at Object.<anonymous> (/workspaces/redi/src/app.js:6:6)
    at Module._compile (internal/modules/cjs/loader.js:1072:14)
    at Object.Module._extensions..js (internal/modules/cjs/loader.js:1101:10)
    at Module.load (internal/modules/cjs/loader.js:937:32)
    at Function.Module._load (internal/modules/cjs/loader.js:778:12)
    at Object.<anonymous> (/workspaces/redi/node_modules/pm2/lib/ProcessContainerFork.js:33:23) {
  code: 'EACCES',
  errno: -13,
  syscall: 'listen',
  address: '0.0.0.0',
  port: 80
}
Error: listen EACCES: permission denied 0.0.0.0:80
    at Server.setupListenHandle [as _listen2] (net.js:1303:21)
    at listenInCluster (net.js:1368:12)
    at Server.listen (net.js:1454:7)
    at Function.listen (/workspaces/redi/node_modules/express/lib/application.js:618:24)
    at Object.<anonymous> (/workspaces/redi/src/app.js:6:6)
    at Module._compile (internal/modules/cjs/loader.js:1072:14)
    at Object.Module._extensions..js (internal/modules/cjs/loader.js:1101:10)
    at Module.load (internal/modules/cjs/loader.js:937:32)
    at Function.Module._load (internal/modules/cjs/loader.js:778:12)
    at Object.<anonymous> (/workspaces/redi/node_modules/pm2/lib/ProcessContainerFork.js:33:23) {
  code: 'EACCES',
  errno: -13,
  syscall: 'listen',
  address: '0.0.0.0',
  port: 80
}
Error: listen EACCES: permission denied 0.0.0.0:80
    at Server.setupListenHandle [as _listen2] (net.js:1303:21)
    at listenInCluster (net.js:1368:12)
    at Server.listen (net.js:1454:7)
    at Function.listen (/workspaces/redi/node_modules/express/lib/application.js:618:24)
    at Object.<anonymous> (/workspaces/redi/src/app.js:6:6)
    at Module._compile (internal/modules/cjs/loader.js:1072:14)
    at Object.Module._extensions..js (internal/modules/cjs/loader.js:1101:10)
    at Module.load (internal/modules/cjs/loader.js:937:32)
    at Function.Module._load (internal/modules/cjs/loader.js:778:12)
    at Object.<anonymous> (/workspaces/redi/node_modules/pm2/lib/ProcessContainerFork.js:33:23) {
  code: 'EACCES',
  errno: -13,
  syscall: 'listen',
  address: '0.0.0.0',
  port: 80
}
Error: listen EACCES: permission denied 0.0.0.0:80
    at Server.setupListenHandle [as _listen2] (net.js:1303:21)
    at listenInCluster (net.js:1368:12)
    at Server.listen (net.js:1454:7)
    at Function.listen (/workspaces/redi/node_modules/express/lib/application.js:618:24)
    at Object.<anonymous> (/workspaces/redi/src/app.js:6:6)
    at Module._compile (internal/modules/cjs/loader.js:1072:14)
    at Object.Module._extensions..js (internal/modules/cjs/loader.js:1101:10)
    at Module.load (internal/modules/cjs/loader.js:937:32)
    at Function.Module._load (internal/modules/cjs/loader.js:778:12)
    at Object.<anonymous> (/workspaces/redi/node_modules/pm2/lib/ProcessContainerFork.js:33:23) {
  code: 'EACCES',
  errno: -13,
  syscall: 'listen',
  address: '0.0.0.0',
  port: 80
}
Error: listen EACCES: permission denied 0.0.0.0:80
    at Server.setupListenHandle [as _listen2] (net.js:1303:21)
    at listenInCluster (net.js:1368:12)
    at Server.listen (net.js:1454:7)
    at Function.listen (/workspaces/redi/node_modules/express/lib/application.js:618:24)
    at Object.<anonymous> (/workspaces/redi/src/app.js:6:6)
    at Module._compile (internal/modules/cjs/loader.js:1072:14)
    at Object.Module._extensions..js (internal/modules/cjs/loader.js:1101:10)
    at Module.load (internal/modules/cjs/loader.js:937:32)
    at Function.Module._load (internal/modules/cjs/loader.js:778:12)
    at Object.<anonymous> (/workspaces/redi/node_modules/pm2/lib/ProcessContainerFork.js:33:23) {
  code: 'EACCES',
  errno: -13,
  syscall: 'listen',
  address: '0.0.0.0',
  port: 80
}
Error: listen EACCES: permission denied 0.0.0.0:80
    at Server.setupListenHandle [as _listen2] (net.js:1303:21)
    at listenInCluster (net.js:1368:12)
    at Server.listen (net.js:1454:7)
    at Function.listen (/workspaces/redi/node_modules/express/lib/application.js:618:24)
    at Object.<anonymous> (/workspaces/redi/src/app.js:6:6)
    at Module._compile (internal/modules/cjs/loader.js:1072:14)
    at Object.Module._extensions..js (internal/modules/cjs/loader.js:1101:10)
    at Module.load (internal/modules/cjs/loader.js:937:32)
    at Function.Module._load (internal/modules/cjs/loader.js:778:12)
    at Object.<anonymous> (/workspaces/redi/node_modules/pm2/lib/ProcessContainerFork.js:33:23) {
  code: 'EACCES',
  errno: -13,
  syscall: 'listen',
  address: '0.0.0.0',
  port: 80
}
Error: listen EACCES: permission denied 0.0.0.0:80
    at Server.setupListenHandle [as _listen2] (net.js:1303:21)
    at listenInCluster (net.js:1368:12)
    at Server.listen (net.js:1454:7)
    at Function.listen (/workspaces/redi/node_modules/express/lib/application.js:618:24)
    at Object.<anonymous> (/workspaces/redi/src/app.js:6:6)
    at Module._compile (internal/modules/cjs/loader.js:1072:14)
    at Object.Module._extensions..js (internal/modules/cjs/loader.js:1101:10)
    at Module.load (internal/modules/cjs/loader.js:937:32)
    at Function.Module._load (internal/modules/cjs/loader.js:778:12)
    at Object.<anonymous> (/workspaces/redi/node_modules/pm2/lib/ProcessContainerFork.js:33:23) {
  code: 'EACCES',
  errno: -13,
  syscall: 'listen',
  address: '0.0.0.0',
  port: 80
}
Error: listen EACCES: permission denied 0.0.0.0:80
    at Server.setupListenHandle [as _listen2] (net.js:1303:21)
    at listenInCluster (net.js:1368:12)
    at Server.listen (net.js:1454:7)
    at Function.listen (/workspaces/redi/node_modules/express/lib/application.js:618:24)
    at Object.<anonymous> (/workspaces/redi/src/app.js:6:6)
    at Module._compile (internal/modules/cjs/loader.js:1072:14)
    at Object.Module._extensions..js (internal/modules/cjs/loader.js:1101:10)
    at Module.load (internal/modules/cjs/loader.js:937:32)
    at Function.Module._load (internal/modules/cjs/loader.js:778:12)
    at Object.<anonymous> (/workspaces/redi/node_modules/pm2/lib/ProcessContainerFork.js:33:23) {
  code: 'EACCES',
  errno: -13,
  syscall: 'listen',
  address: '0.0.0.0',
  port: 80
}
Error: listen EACCES: permission denied 0.0.0.0:80
    at Server.setupListenHandle [as _listen2] (net.js:1303:21)
    at listenInCluster (net.js:1368:12)
    at Server.listen (net.js:1454:7)
    at Function.listen (/workspaces/redi/node_modules/express/lib/application.js:618:24)
    at Object.<anonymous> (/workspaces/redi/src/app.js:6:6)
    at Module._compile (internal/modules/cjs/loader.js:1072:14)
    at Object.Module._extensions..js (internal/modules/cjs/loader.js:1101:10)
    at Module.load (internal/modules/cjs/loader.js:937:32)
    at Function.Module._load (internal/modules/cjs/loader.js:778:12)
    at Object.<anonymous> (/workspaces/redi/node_modules/pm2/lib/ProcessContainerFork.js:33:23) {
  code: 'EACCES',
  errno: -13,
  syscall: 'listen',
  address: '0.0.0.0',
  port: 80
}
Error: listen EACCES: permission denied 0.0.0.0:80
    at Server.setupListenHandle [as _listen2] (net.js:1303:21)
    at listenInCluster (net.js:1368:12)
    at Server.listen (net.js:1454:7)
    at Function.listen (/workspaces/redi/node_modules/express/lib/application.js:618:24)
    at Object.<anonymous> (/workspaces/redi/src/app.js:6:6)
    at Module._compile (internal/modules/cjs/loader.js:1072:14)
    at Object.Module._extensions..js (internal/modules/cjs/loader.js:1101:10)
    at Module.load (internal/modules/cjs/loader.js:937:32)
    at Function.Module._load (internal/modules/cjs/loader.js:778:12)
    at Object.<anonymous> (/workspaces/redi/node_modules/pm2/lib/ProcessContainerFork.js:33:23) {
  code: 'EACCES',
  errno: -13,
  syscall: 'listen',
  address: '0.0.0.0',
  port: 80
}
